fBReader/build/outputs/logs/manifest-merger-debug-report.txt
-- Merging decision tree log ---
manifest
ADDED from src\main\AndroidManifest.xml:2:1-639:12
INJECTED from src\main\AndroidManifest.xml:2:1-639:12
INJECTED from src\main\AndroidManifest.xml:2:1-639:12
INJECTED from src\main\AndroidManifest.xml:2:1-639:12
MERGED from [com.jakewharton.hugo:hugo-runtime:1.2.1] AndroidManifest.xml:2:1-11:12
MERGED from [:ambilWarna] AndroidManifest.xml:2:1-14:12
MERGED from [:code] AndroidManifest.xml:8:1-17:12
MERGED from [:library] AndroidManifest.xml:2:1-11:12
MERGED from [:superToasts] AndroidManifest.xml:2:1-13:12
MERGED from [com.android.support:design:28.0.0] AndroidManifest.xml:17:1-24:12
MERGED from [com.android.support:appcompat-v7:28.0.0] AndroidManifest.xml:17:1-22:12
MERGED from [com.android.support:support-v4:28.0.0] AndroidManifest.xml:17:1-22:12
MERGED from [com.android.support.constraint:constraint-layout:1.1.3] AndroidManifest.xml:2:1-11:12
MERGED from [com.facebook.stetho:stetho:1.5.1] AndroidManifest.xml:2:1-13:12
MERGED from [skin.support:skin-support:3.1.1] AndroidManifest.xml:2:1-11:12
MERGED from [skin.support:skin-support-constraint-layout:3.1.1] AndroidManifest.xml:2:1-11:12
MERGED from [skin.support:skin-support-design:3.1.1] AndroidManifest.xml:2:1-11:12
MERGED from [com.android.support:support-fragment:28.0.0] AndroidManifest.xml:17:1-22:12
MERGED from [com.android.support:animated-vector-drawable:28.0.0] AndroidManifest.xml:17:1-22:12
MERGED from [com.android.support:recyclerview-v7:28.0.0] AndroidManifest.xml:17:1-22:12
MERGED from [com.android.support:support-core-ui:28.0.0] AndroidManifest.xml:17:1-22:12
MERGED from [com.android.support:support-core-utils:28.0.0] AndroidManifest.xml:17:1-22:12
MERGED from [com.android.support:support-vector-drawable:28.0.0] AndroidManifest.xml:17:1-22:12
MERGED from [com.android.support:support-media-compat:28.0.0] AndroidManifest.xml:17:1-22:12
MERGED from [com.android.support:transition:28.0.0] AndroidManifest.xml:17:1-22:12
MERGED from [com.android.support:loader:28.0.0] AndroidManifest.xml:17:1-22:12
MERGED from [com.android.support:viewpager:28.0.0] AndroidManifest.xml:17:1-22:12
MERGED from [com.android.support:coordinatorlayout:28.0.0] AndroidManifest.xml:17:1-22:12
MERGED from [com.android.support:drawerlayout:28.0.0] AndroidManifest.xml:17:1-22:12
MERGED from [com.android.support:slidingpanelayout:28.0.0] AndroidManifest.xml:17:1-22:12
MERGED from [com.android.support:customview:28.0.0] AndroidManifest.xml:17:1-22:12
MERGED from [com.android.support:swiperefreshlayout:28.0.0] AndroidManifest.xml:17:1-22:12
MERGED from [com.android.support:asynclayoutinflater:28.0.0] AndroidManifest.xml:17:1-22:12
MERGED from [com.android.support:support-compat:28.0.0] AndroidManifest.xml:17:1-24:12
MERGED from [com.android.support:versionedparcelable:28.0.0] AndroidManifest.xml:17:1-25:12
MERGED from [com.android.support:cursoradapter:28.0.0] AndroidManifest.xml:17:1-22:12
MERGED from [com.android.support:cardview-v7:28.0.0] AndroidManifest.xml:17:1-22:12
MERGED from [android.arch.lifecycle:runtime:1.1.1] AndroidManifest.xml:17:1-22:12
MERGED from [com.android.support:documentfile:28.0.0] AndroidManifest.xml:17:1-22:12
MERGED from [com.android.support:localbroadcastmanager:28.0.0] AndroidManifest.xml:17:1-22:12
MERGED from [com.android.support:print:28.0.0] AndroidManifest.xml:17:1-22:12
MERGED from [android.arch.lifecycle:viewmodel:1.1.1] AndroidManifest.xml:17:1-22:12
MERGED from [com.android.support:interpolator:28.0.0] AndroidManifest.xml:17:1-22:12
MERGED from [android.arch.lifecycle:livedata:1.1.1] AndroidManifest.xml:17:1-22:12
MERGED from [android.arch.lifecycle:livedata-core:1.1.1] AndroidManifest.xml:17:1-22:12
MERGED from [android.arch.core:runtime:1.1.1] AndroidManifest.xml:17:1-22:12
INJECTED from src\main\AndroidManifest.xml:2:1-639:12
INJECTED from src\main\AndroidManifest.xml:2:1-639:12
INJECTED from src\main\AndroidManifest.xml:2:1-639:12
	package
		ADDED from src\main\AndroidManifest.xml:3:5-51
		INJECTED from src\main\AndroidManifest.xml
		INJECTED from src\main\AndroidManifest.xml
	android:versionName
		ADDED from src\main\AndroidManifest.xml:6:5-33
		INJECTED from src\main\AndroidManifest.xml
		INJECTED from src\main\AndroidManifest.xml
	xmlns:android
		ADDED from src\main\AndroidManifest.xml:2:11-69
	android:versionCode
		ADDED from src\main\AndroidManifest.xml:5:5-34
		INJECTED from src\main\AndroidManifest.xml
		INJECTED from src\main\AndroidManifest.xml
	android:installLocation
		ADDED from src\main\AndroidManifest.xml:4:5-35
uses-sdk
ADDED from src\main\AndroidManifest.xml:8:5-44
INJECTED from src\main\AndroidManifest.xml:8:5-44
INJECTED from src\main\AndroidManifest.xml:8:5-44
MERGED from [com.jakewharton.hugo:hugo-runtime:1.2.1] AndroidManifest.xml:7:5-43
MERGED from [com.jakewharton.hugo:hugo-runtime:1.2.1] AndroidManifest.xml:7:5-43
MERGED from [:ambilWarna] AndroidManifest.xml:7:5-9:41
MERGED from [:ambilWarna] AndroidManifest.xml:7:5-9:41
MERGED from [:code] AndroidManifest.xml:13:5-15:41
MERGED from [:code] AndroidManifest.xml:13:5-15:41
MERGED from [:library] AndroidManifest.xml:7:5-9:41
MERGED from [:library] AndroidManifest.xml:7:5-9:41
MERGED from [:superToasts] AndroidManifest.xml:7:5-9:41
MERGED from [:superToasts] AndroidManifest.xml:7:5-9:41
MERGED from [com.android.support:design:28.0.0] AndroidManifest.xml:20:5-44
MERGED from [com.android.support:design:28.0.0] AndroidManifest.xml:20:5-44
MERGED from [com.android.support:appcompat-v7:28.0.0] AndroidManifest.xml:20:5-44
MERGED from [com.android.support:appcompat-v7:28.0.0] AndroidManifest.xml:20:5-44
MERGED from [com.android.support:support-v4:28.0.0] AndroidManifest.xml:20:5-44
MERGED from [com.android.support:support-v4:28.0.0] AndroidManifest.xml:20:5-44
MERGED from [com.android.support.constraint:constraint-layout:1.1.3] AndroidManifest.xml:5:5-7:41
MERGED from [com.android.support.constraint:constraint-layout:1.1.3] AndroidManifest.xml:5:5-7:41
MERGED from [com.facebook.stetho:stetho:1.5.1] AndroidManifest.xml:7:5-9:41
MERGED from [com.facebook.stetho:stetho:1.5.1] AndroidManifest.xml:7:5-9:41
MERGED from [skin.support:skin-support:3.1.1] AndroidManifest.xml:7:5-9:41
MERGED from [skin.support:skin-support:3.1.1] AndroidManifest.xml:7:5-9:41
MERGED from [skin.support:skin-support-constraint-layout:3.1.1] AndroidManifest.xml:7:5-9:41
MERGED from [skin.support:skin-support-constraint-layout:3.1.1] AndroidManifest.xml:7:5-9:41
MERGED from [skin.support:skin-support-design:3.1.1] AndroidManifest.xml:7:5-9:41
MERGED from [skin.support:skin-support-design:3.1.1] AndroidManifest.xml:7:5-9:41
MERGED from [com.android.support:support-fragment:28.0.0] AndroidManifest.xml:20:5-44
MERGED from [com.android.support:support-fragment:28.0.0] AndroidManifest.xml:20:5-44
MERGED from [com.android.support:animated-vector-drawable:28.0.0] AndroidManifest.xml:20:5-44
MERGED from [com.android.support:animated-vector-drawable:28.0.0] AndroidManifest.xml:20:5-44
MERGED from [com.android.support:recyclerview-v7:28.0.0] AndroidManifest.xml:20:5-44
MERGED from [com.android.support:recyclerview-v7:28.0.0] AndroidManifest.xml:20:5-44
MERGED from [com.android.support:support-core-ui:28.0.0] AndroidManifest.xml:20:5-44
MERGED from [com.android.support:support-core-ui:28.0.0] AndroidManifest.xml:20:5-44
MERGED from [com.android.support:support-core-utils:28.0.0] AndroidManifest.xml:20:5-44
MERGED from [com.android.support:support-core-utils:28.0.0] AndroidManifest.xml:20:5-44
MERGED from [com.android.support:support-vector-drawable:28.0.0] AndroidManifest.xml:20:5-44
MERGED from [com.android.support:support-vector-drawable:28.0.0] AndroidManifest.xml:20:5-44
MERGED from [com.android.support:support-media-compat:28.0.0] AndroidManifest.xml:20:5-44
MERGED from [com.android.support:support-media-compat:28.0.0] AndroidManifest.xml:20:5-44
MERGED from [com.android.support:transition:28.0.0] AndroidManifest.xml:20:5-44
MERGED from [com.android.support:transition:28.0.0] AndroidManifest.xml:20:5-44
MERGED from [com.android.support:loader:28.0.0] AndroidManifest.xml:20:5-44
MERGED from [com.android.support:loader:28.0.0] AndroidManifest.xml:20:5-44
MERGED from [com.android.support:viewpager:28.0.0] AndroidManifest.xml:20:5-44
MERGED from [com.android.support:viewpager:28.0.0] AndroidManifest.xml:20:5-44
MERGED from [com.android.support:coordinatorlayout:28.0.0] AndroidManifest.xml:20:5-44
MERGED from [com.android.support:coordinatorlayout:28.0.0] AndroidManifest.xml:20:5-44
MERGED from [com.android.support:drawerlayout:28.0.0] AndroidManifest.xml:20:5-44
MERGED from [com.android.support:drawerlayout:28.0.0] AndroidManifest.xml:20:5-44
MERGED from [com.android.support:slidingpanelayout:28.0.0] AndroidManifest.xml:20:5-44
MERGED from [com.android.support:slidingpanelayout:28.0.0] AndroidManifest.xml:20:5-44
MERGED from [com.android.support:customview:28.0.0] AndroidManifest.xml:20:5-44
MERGED from [com.android.support:customview:28.0.0] AndroidManifest.xml:20:5-44
MERGED from [com.android.support:swiperefreshlayout:28.0.0] AndroidManifest.xml:20:5-44
MERGED from [com.android.support:swiperefreshlayout:28.0.0] AndroidManifest.xml:20:5-44
MERGED from [com.android.support:asynclayoutinflater:28.0.0] AndroidManifest.xml:20:5-44
MERGED from [com.android.support:asynclayoutinflater:28.0.0] AndroidManifest.xml:20:5-44
MERGED from [com.android.support:support-compat:28.0.0] AndroidManifest.xml:20:5-44
MERGED from [com.android.support:support-compat:28.0.0] AndroidManifest.xml:20:5-44
MERGED from [com.android.support:versionedparcelable:28.0.0] AndroidManifest.xml:20:5-44
MERGED from [com.android.support:versionedparcelable:28.0.0] AndroidManifest.xml:20:5-44
MERGED from [com.android.support:cursoradapter:28.0.0] AndroidManifest.xml:20:5-44
MERGED from [com.android.support:cursoradapter:28.0.0] AndroidManifest.xml:20:5-44
MERGED from [com.android.support:cardview-v7:28.0.0] AndroidManifest.xml:20:5-44
MERGED from [com.android.support:cardview-v7:28.0.0] AndroidManifest.xml:20:5-44
MERGED from [android.arch.lifecycle:runtime:1.1.1] AndroidManifest.xml:20:5-44
MERGED from [android.arch.lifecycle:runtime:1.1.1] AndroidManifest.xml:20:5-44
MERGED from [com.android.support:documentfile:28.0.0] AndroidManifest.xml:20:5-44
MERGED from [com.android.support:documentfile:28.0.0] AndroidManifest.xml:20:5-44
MERGED from [com.android.support:localbroadcastmanager:28.0.0] AndroidManifest.xml:20:5-44
MERGED from [com.android.support:localbroadcastmanager:28.0.0] AndroidManifest.xml:20:5-44
MERGED from [com.android.support:print:28.0.0] AndroidManifest.xml:20:5-44
MERGED from [com.android.support:print:28.0.0] AndroidManifest.xml:20:5-44
MERGED from [android.arch.lifecycle:viewmodel:1.1.1] AndroidManifest.xml:20:5-44
MERGED from [android.arch.lifecycle:viewmodel:1.1.1] AndroidManifest.xml:20:5-44
MERGED from [com.android.support:interpolator:28.0.0] AndroidManifest.xml:20:5-44
MERGED from [com.android.support:interpolator:28.0.0] AndroidManifest.xml:20:5-44
MERGED from [android.arch.lifecycle:livedata:1.1.1] AndroidManifest.xml:20:5-44
MERGED from [android.arch.lifecycle:livedata:1.1.1] AndroidManifest.xml:20:5-44
MERGED from [android.arch.lifecycle:livedata-core:1.1.1] AndroidManifest.xml:20:5-44
MERGED from [android.arch.lifecycle:livedata-core:1.1.1] AndroidManifest.xml:20:5-44
MERGED from [android.arch.core:runtime:1.1.1] AndroidManifest.xml:20:5-44
MERGED from [android.arch.core:runtime:1.1.1] AndroidManifest.xml:20:5-44
INJECTED from src\main\AndroidManifest.xml:8:5-44
INJECTED from src\main\AndroidManifest.xml:8:5-44
	android:maxSdkVersion
		ADDED from src\main\AndroidManifest.xml:8:15-41
	android:targetSdkVersion
		INJECTED from src\main\AndroidManifest.xml
		ADDED from src\main\AndroidManifest.xml:8:5-44
		INJECTED from src\main\AndroidManifest.xml
	android:minSdkVersion
		INJECTED from src\main\AndroidManifest.xml
		ADDED from src\main\AndroidManifest.xml:8:5-44
		INJECTED from src\main\AndroidManifest.xml
supports-screens
ADDED from src\main\AndroidManifest.xml:9:5-14:40
	android:largeScreens
		ADDED from src\main\AndroidManifest.xml:11:9-36
	android:smallScreens
		ADDED from src\main\AndroidManifest.xml:13:9-36
	android:normalScreens
		ADDED from src\main\AndroidManifest.xml:12:9-37
	android:xlargeScreens
		ADDED from src\main\AndroidManifest.xml:14:9-37
	android:anyDensity
		ADDED from src\main\AndroidManifest.xml:10:9-34
uses-permission#android.permission.INTERNET
ADDED from src\main\AndroidManifest.xml:16:5-67
	android:name
		ADDED from src\main\AndroidManifest.xml:16:22-64
uses-permission#android.permission.WAKE_LOCK
ADDED from src\main\AndroidManifest.xml:17:5-68
	android:name
		ADDED from src\main\AndroidManifest.xml:17:22-65
uses-permission#android.permission.READ_EXTERNAL_STORAGE
ADDED from src\main\AndroidManifest.xml:18:5-80
	android:name
		ADDED from src\main\AndroidManifest.xml:18:22-77
uses-permission#android.permission.WRITE_EXTERNAL_STORAGE
ADDED from src\main\AndroidManifest.xml:19:5-81
	android:name
		ADDED from src\main\AndroidManifest.xml:19:22-78
uses-permission#android.permission.ACCESS_NETWORK_STATE
ADDED from src\main\AndroidManifest.xml:20:5-79
	android:name
		ADDED from src\main\AndroidManifest.xml:20:22-76
application
ADDED from src\main\AndroidManifest.xml:22:5-638:19
MERGED from [com.jakewharton.hugo:hugo-runtime:1.2.1] AndroidManifest.xml:9:5-20
MERGED from [com.jakewharton.hugo:hugo-runtime:1.2.1] AndroidManifest.xml:9:5-20
MERGED from [:ambilWarna] AndroidManifest.xml:11:5-12:19
MERGED from [:ambilWarna] AndroidManifest.xml:11:5-12:19
MERGED from [:superToasts] AndroidManifest.xml:11:5-20
MERGED from [:superToasts] AndroidManifest.xml:11:5-20
MERGED from [com.android.support:design:28.0.0] AndroidManifest.xml:22:5-20
MERGED from [com.android.support:design:28.0.0] AndroidManifest.xml:22:5-20
MERGED from [com.android.support.constraint:constraint-layout:1.1.3] AndroidManifest.xml:9:5-20
MERGED from [com.android.support.constraint:constraint-layout:1.1.3] AndroidManifest.xml:9:5-20
MERGED from [com.facebook.stetho:stetho:1.5.1] AndroidManifest.xml:11:5-20
MERGED from [com.facebook.stetho:stetho:1.5.1] AndroidManifest.xml:11:5-20
MERGED from [com.android.support:support-compat:28.0.0] AndroidManifest.xml:22:5-94
MERGED from [com.android.support:support-compat:28.0.0] AndroidManifest.xml:22:5-94
MERGED from [com.android.support:versionedparcelable:28.0.0] AndroidManifest.xml:22:5-23:19
MERGED from [com.android.support:versionedparcelable:28.0.0] AndroidManifest.xml:22:5-23:19
	android:appComponentFactory
		ADDED from [com.android.support:support-compat:28.0.0] AndroidManifest.xml:22:18-91
	android:label
		ADDED from src\main\AndroidManifest.xml:25:9-41
	android:icon
		ADDED from src\main\AndroidManifest.xml:24:9-42
	android:logo
		ADDED from src\main\AndroidManifest.xml:26:9-45
	android:name
		ADDED from src\main\AndroidManifest.xml:23:9-77
activity#org.geometerplus.android.fbreader.error.BookReadingErrorActivity
ADDED from src\main\AndroidManifest.xml:27:9-37:20
	android:process
		ADDED from src\main\AndroidManifest.xml:30:13-37
	android:configChanges
		ADDED from src\main\AndroidManifest.xml:29:13-74
	android:theme
		ADDED from src\main\AndroidManifest.xml:31:13-51
	android:name
		ADDED from src\main\AndroidManifest.xml:28:13-92
intent-filter#action:name:android.fbreader.action.ERROR+category:name:android.intent.category.DEFAULT+data:scheme:BookReadingException
ADDED from src\main\AndroidManifest.xml:32:13-36:29
action#android.fbreader.action.ERROR
ADDED from src\main\AndroidManifest.xml:33:17-72
	android:name
		ADDED from src\main\AndroidManifest.xml:33:25-69
category#android.intent.category.DEFAULT
ADDED from src\main\AndroidManifest.xml:34:17-76
	android:name
		ADDED from src\main\AndroidManifest.xml:34:27-73
data
ADDED from src\main\AndroidManifest.xml:35:17-63
	android:path
		ADDED from src\main\AndroidManifest.xml:515:21-56
	android:host
		ADDED from src\main\AndroidManifest.xml:118:21-36
	android:scheme
		ADDED from src\main\AndroidManifest.xml:35:23-60
	android:pathPattern
		ADDED from src\main\AndroidManifest.xml:120:23-54
	android:mimeType
		ADDED from src\main\AndroidManifest.xml:139:21-50
activity#org.geometerplus.zlibrary.ui.android.error.BugReportActivity
ADDED from src\main\AndroidManifest.xml:38:9-44:56
	android:process
		ADDED from src\main\AndroidManifest.xml:43:13-37
	android:label
		ADDED from src\main\AndroidManifest.xml:42:13-43
	android:exported
		ADDED from src\main\AndroidManifest.xml:41:13-37
	android:configChanges
		ADDED from src\main\AndroidManifest.xml:40:13-74
	android:theme
		ADDED from src\main\AndroidManifest.xml:44:13-53
	android:name
		ADDED from src\main\AndroidManifest.xml:39:13-52
activity#org.geometerplus.android.fbreader.crash.FixBooksDirectoryActivity
ADDED from src\main\AndroidManifest.xml:45:9-56:20
	android:process
		ADDED from src\main\AndroidManifest.xml:49:13-37
	android:exported
		ADDED from src\main\AndroidManifest.xml:48:13-37
	android:configChanges
		ADDED from src\main\AndroidManifest.xml:47:13-74
	android:theme
		ADDED from src\main\AndroidManifest.xml:50:13-51
	android:name
		ADDED from src\main\AndroidManifest.xml:46:13-93
intent-filter#action:name:android.fbreader.action.CRASH+category:name:android.intent.category.DEFAULT+data:scheme:CachedCharStorageException
ADDED from src\main\AndroidManifest.xml:51:13-55:29
action#android.fbreader.action.CRASH
ADDED from src\main\AndroidManifest.xml:52:17-72
	android:name
		ADDED from src\main\AndroidManifest.xml:52:25-69
activity#org.geometerplus.android.fbreader.crash.MissingNativeLibraryActivity
ADDED from src\main\AndroidManifest.xml:57:9-73:20
	android:process
		ADDED from src\main\AndroidManifest.xml:61:13-37
	android:exported
		ADDED from src\main\AndroidManifest.xml:60:13-37
	android:configChanges
		ADDED from src\main\AndroidManifest.xml:59:13-74
	android:theme
		ADDED from src\main\AndroidManifest.xml:62:13-51
	android:name
		ADDED from src\main\AndroidManifest.xml:58:13-96
intent-filter#action:name:android.fbreader.action.CRASH+category:name:android.intent.category.DEFAULT+data:scheme:ExceptionInInitializerError
ADDED from src\main\AndroidManifest.xml:63:13-67:29
intent-filter#action:name:android.fbreader.action.CRASH+category:name:android.intent.category.DEFAULT+data:scheme:UnsatisfiedLinkError
ADDED from src\main\AndroidManifest.xml:68:13-72:29
service#org.geometerplus.android.fbreader.api.ApiService
ADDED from src\main\AndroidManifest.xml:75:9-82:19
	android:launchMode
		ADDED from src\main\AndroidManifest.xml:77:13-44
	android:name
		ADDED from src\main\AndroidManifest.xml:76:13-76
intent-filter#action:name:android.fbreader.action.API+category:name:android.intent.category.DEFAULT
ADDED from src\main\AndroidManifest.xml:78:13-81:29
action#android.fbreader.action.API
ADDED from src\main\AndroidManifest.xml:79:17-70
	android:name
		ADDED from src\main\AndroidManifest.xml:79:25-67
activity#org.geometerplus.android.fbreader.FBReader
ADDED from src\main\AndroidManifest.xml:84:9-199:20
	android:label
		ADDED from src\main\AndroidManifest.xml:88:13-45
	android:launchMode
		ADDED from src\main\AndroidManifest.xml:89:13-44
	android:configChanges
		ADDED from src\main\AndroidManifest.xml:86:13-74
	android:icon
		ADDED from src\main\AndroidManifest.xml:87:13-46
	android:theme
		ADDED from src\main\AndroidManifest.xml:90:13-53
	android:name
		ADDED from src\main\AndroidManifest.xml:85:13-70
intent-filter#action:name:android.intent.action.MAIN+category:name:android.intent.category.LAUNCHER
ADDED from src\main\AndroidManifest.xml:91:13-94:29
action#android.intent.action.MAIN
ADDED from src\main\AndroidManifest.xml:92:17-69
	android:name
		ADDED from src\main\AndroidManifest.xml:92:25-66
category#android.intent.category.LAUNCHER
ADDED from src\main\AndroidManifest.xml:93:17-77
	android:name
		ADDED from src\main\AndroidManifest.xml:93:27-74
intent-filter#action:name:android.fbreader.action.VIEW+category:name:android.intent.category.DEFAULT
ADDED from src\main\AndroidManifest.xml:95:13-98:29
action#android.fbreader.action.VIEW
ADDED from src\main\AndroidManifest.xml:96:17-71
	android:name
		ADDED from src\main\AndroidManifest.xml:96:25-68
intent-filter#action:name:android.fbreader.action.VIEW+category:name:android.intent.category.DEFAULT+data:scheme:file
ADDED from src\main\AndroidManifest.xml:99:13-103:29
intent-filter#action:name:android.intent.action.VIEW+category:name:android.intent.category.DEFAULT+data:scheme:fbreader-action
ADDED from src\main\AndroidManifest.xml:104:13-108:29
action#android.intent.action.VIEW
ADDED from src\main\AndroidManifest.xml:105:17-69
	android:name
		ADDED from src\main\AndroidManifest.xml:105:25-66
intent-filter#action:name:android.fbreader.action.PLUGIN+category:name:android.intent.category.DEFAULT
ADDED from src\main\AndroidManifest.xml:109:13-112:29
action#android.fbreader.action.PLUGIN
ADDED from src\main\AndroidManifest.xml:110:17-73
	android:name
		ADDED from src\main\AndroidManifest.xml:110:25-70
intent-filter#action:name:android.intent.action.VIEW+category:name:android.intent.category.DEFAULT+data:host:+data:pathPattern:.*\\.cbr+data:pathPattern:.*\\.cbz+data:pathPattern:.*\\.djvu+data:pathPattern:.*\\.epub+data:pathPattern:.*\\.fb2+data:pathPattern:.*\\.fb2\\.zip+data:pathPattern:.*\\.mobi+data:pathPattern:.*\\.oeb+data:pathPattern:.*\\.pdf+data:pathPattern:.*\\.prc+data:pathPattern:.*\\.rtf+data:pathPattern:.*\\.txt+data:scheme:file
ADDED from src\main\AndroidManifest.xml:113:13-132:29
intent-filter#action:name:android.intent.action.VIEW+category:name:android.intent.category.DEFAULT+data:host:+data:mimeType:text/plain+data:pathPattern:.*\\.cbr+data:pathPattern:.*\\.cbz+data:pathPattern:.*\\.djvu+data:pathPattern:.*\\.epub+data:pathPattern:.*\\.fb2+data:pathPattern:.*\\.mobi+data:pathPattern:.*\\.oeb+data:pathPattern:.*\\.pdf+data:pathPattern:.*\\.prc+data:pathPattern:.*\\.rtf+data:pathPattern:.*\\.txt+data:scheme:file
ADDED from src\main\AndroidManifest.xml:133:13-152:29
intent-filter#action:name:android.intent.action.VIEW+category:name:android.intent.category.BROWSABLE+category:name:android.intent.category.DEFAULT+data:host:+data:mimeType:application/djvu+data:mimeType:application/epub+zip+data:mimeType:application/pdf+data:mimeType:application/x-cbr+data:mimeType:application/x-cbz+data:mimeType:application/x-djvu+data:mimeType:application/x-fictionbook+data:mimeType:application/x-fictionbook+xml+data:mimeType:application/x-mobipocket-ebook+data:mimeType:application/x-pdf+data:mimeType:application/x-pilot-prc+data:mimeType:image/vnd.djvu+data:mimeType:image/x-djvu+data:mimeType:text/plain+data:scheme:file
ADDED from src\main\AndroidManifest.xml:159:13-182:29
category#android.intent.category.BROWSABLE
ADDED from src\main\AndroidManifest.xml:163:17-78
	android:name
		ADDED from src\main\AndroidManifest.xml:163:27-75
intent-filter#action:name:android.intent.action.SEARCH
ADDED from src\main\AndroidManifest.xml:183:13-185:29
action#android.intent.action.SEARCH
ADDED from src\main\AndroidManifest.xml:184:17-71
	android:name
		ADDED from src\main\AndroidManifest.xml:184:25-68
meta-data#android.app.searchable
ADDED from src\main\AndroidManifest.xml:187:13-189:54
	android:resource
		ADDED from src\main\AndroidManifest.xml:189:17-51
	android:name
		ADDED from src\main\AndroidManifest.xml:188:17-54
intent-filter#action:name:android.fbreader.action.CLOSE+category:name:android.intent.category.DEFAULT
ADDED from src\main\AndroidManifest.xml:191:13-194:29
action#android.fbreader.action.CLOSE
ADDED from src\main\AndroidManifest.xml:192:17-72
	android:name
		ADDED from src\main\AndroidManifest.xml:192:25-69
intent-filter#action:name:android.fbreader.action.PLUGIN_CRASH+category:name:android.intent.category.DEFAULT
ADDED from src\main\AndroidManifest.xml:195:13-198:29
action#android.fbreader.action.PLUGIN_CRASH
ADDED from src\main\AndroidManifest.xml:196:17-79
	android:name
		ADDED from src\main\AndroidManifest.xml:196:25-76
activity#org.geometerplus.android.fbreader.dict.DictionaryNotInstalledActivity
ADDED from src\main\AndroidManifest.xml:200:9-204:54
	android:exported
		ADDED from src\main\AndroidManifest.xml:203:13-37
	android:configChanges
		ADDED from src\main\AndroidManifest.xml:202:13-74
	android:theme
		ADDED from src\main\AndroidManifest.xml:204:13-51
	android:name
		ADDED from src\main\AndroidManifest.xml:201:13-97
activity#org.geometerplus.android.fbreader.CancelActivity
ADDED from src\main\AndroidManifest.xml:205:9-213:20
	android:configChanges
		ADDED from src\main\AndroidManifest.xml:207:13-74
	android:theme
		ADDED from src\main\AndroidManifest.xml:208:13-51
	android:name
		ADDED from src\main\AndroidManifest.xml:206:13-76
intent-filter#action:name:android.fbreader.action.CANCEL_MENU+category:name:android.intent.category.DEFAULT
ADDED from src\main\AndroidManifest.xml:209:13-212:29
action#android.fbreader.action.CANCEL_MENU
ADDED from src\main\AndroidManifest.xml:210:17-78
	android:name
		ADDED from src\main\AndroidManifest.xml:210:25-75
activity#org.geometerplus.android.fbreader.PluginListActivity
ADDED from src\main\AndroidManifest.xml:214:9-217:54
	android:configChanges
		ADDED from src\main\AndroidManifest.xml:216:13-74
	android:theme
		ADDED from src\main\AndroidManifest.xml:217:13-51
	android:name
		ADDED from src\main\AndroidManifest.xml:215:13-80
activity#org.geometerplus.android.fbreader.bookmark.BookmarksActivity
ADDED from src\main\AndroidManifest.xml:219:9-235:20
	android:process
		ADDED from src\main\AndroidManifest.xml:223:13-41
	android:launchMode
		ADDED from src\main\AndroidManifest.xml:222:13-44
	android:configChanges
		ADDED from src\main\AndroidManifest.xml:221:13-74
	android:theme
		ADDED from src\main\AndroidManifest.xml:224:13-65
	android:name
		ADDED from src\main\AndroidManifest.xml:220:13-88
intent-filter#action:name:android.fbreader.action.BOOKMARKS+category:name:android.intent.category.DEFAULT
ADDED from src\main\AndroidManifest.xml:231:13-234:29
action#android.fbreader.action.BOOKMARKS
ADDED from src\main\AndroidManifest.xml:232:17-76
	android:name
		ADDED from src\main\AndroidManifest.xml:232:25-73
activity#org.geometerplus.android.fbreader.bookmark.EditBookmarkActivity
ADDED from src\main\AndroidManifest.xml:236:9-244:20
	android:configChanges
		ADDED from src\main\AndroidManifest.xml:238:13-74
	android:theme
		ADDED from src\main\AndroidManifest.xml:239:13-51
	android:name
		ADDED from src\main\AndroidManifest.xml:237:13-91
intent-filter#action:name:android.fbreader.action.EDIT_BOOKMARK+category:name:android.intent.category.DEFAULT
ADDED from src\main\AndroidManifest.xml:240:13-243:29
action#android.fbreader.action.EDIT_BOOKMARK
ADDED from src\main\AndroidManifest.xml:241:17-80
	android:name
		ADDED from src\main\AndroidManifest.xml:241:25-77
activity#org.geometerplus.android.fbreader.bookmark.EditStyleActivity
ADDED from src\main\AndroidManifest.xml:245:9-253:20
	android:configChanges
		ADDED from src\main\AndroidManifest.xml:247:13-74
	android:theme
		ADDED from src\main\AndroidManifest.xml:248:13-51
	android:name
		ADDED from src\main\AndroidManifest.xml:246:13-88
intent-filter#action:name:android.fbreader.action.EDIT_STYLES+category:name:android.intent.category.DEFAULT
ADDED from src\main\AndroidManifest.xml:249:13-252:29
action#android.fbreader.action.EDIT_STYLES
ADDED from src\main\AndroidManifest.xml:250:17-78
	android:name
		ADDED from src\main\AndroidManifest.xml:250:25-75
activity#org.geometerplus.android.fbreader.image.ImageViewActivity
ADDED from src\main\AndroidManifest.xml:255:9-259:56
	android:process
		ADDED from src\main\AndroidManifest.xml:258:13-41
	android:configChanges
		ADDED from src\main\AndroidManifest.xml:257:13-74
	android:theme
		ADDED from src\main\AndroidManifest.xml:259:13-53
	android:name
		ADDED from src\main\AndroidManifest.xml:256:13-85
service#org.geometerplus.android.fbreader.libraryService.LibraryService
ADDED from src\main\AndroidManifest.xml:261:9-268:19
	android:process
		ADDED from src\main\AndroidManifest.xml:264:13-46
	android:launchMode
		ADDED from src\main\AndroidManifest.xml:263:13-44
	android:name
		ADDED from src\main\AndroidManifest.xml:262:13-91
intent-filter#action:name:android.fbreader.action.LIBRARY_SERVICE
ADDED from src\main\AndroidManifest.xml:265:13-267:29
action#android.fbreader.action.LIBRARY_SERVICE
ADDED from src\main\AndroidManifest.xml:266:17-82
	android:name
		ADDED from src\main\AndroidManifest.xml:266:25-79
service#org.geometerplus.android.fbreader.config.ConfigService
ADDED from src\main\AndroidManifest.xml:269:9-276:19
	android:process
		ADDED from src\main\AndroidManifest.xml:272:13-45
	android:launchMode
		ADDED from src\main\AndroidManifest.xml:271:13-44
	android:name
		ADDED from src\main\AndroidManifest.xml:270:13-82
intent-filter#action:name:android.fbreader.action.CONFIG_SERVICE
ADDED from src\main\AndroidManifest.xml:273:13-275:29
action#android.fbreader.action.CONFIG_SERVICE
ADDED from src\main\AndroidManifest.xml:274:17-81
	android:name
		ADDED from src\main\AndroidManifest.xml:274:25-78
service#org.geometerplus.android.fbreader.sync.SyncService
ADDED from src\main\AndroidManifest.xml:277:9-287:19
	android:process
		ADDED from src\main\AndroidManifest.xml:280:13-44
	android:launchMode
		ADDED from src\main\AndroidManifest.xml:279:13-44
	android:name
		ADDED from src\main\AndroidManifest.xml:278:13-78
intent-filter#action:name:android.fbreader.action.sync.START
ADDED from src\main\AndroidManifest.xml:281:13-283:29
action#android.fbreader.action.sync.START
ADDED from src\main\AndroidManifest.xml:282:17-77
	android:name
		ADDED from src\main\AndroidManifest.xml:282:25-74
intent-filter#action:name:android.fbreader.action.sync.QUICK_SYNC
ADDED from src\main\AndroidManifest.xml:284:13-286:29
action#android.fbreader.action.sync.QUICK_SYNC
ADDED from src\main\AndroidManifest.xml:285:17-82
	android:name
		ADDED from src\main\AndroidManifest.xml:285:25-79
activity#org.geometerplus.android.fbreader.library.BookInfoActivity